C51 COMPILER V9.59.0.0   MAIN                                                              07/01/2026 22:08:34 PAGE 1   


C51 COMPILER V9.59.0.0, COMPILATION OF MODULE MAIN
OBJECT MODULE PLACED IN .\Objects\main.obj
COMPILER INVOKED BY: D:\keil5\C51\BIN\C51.exe main.c OPTIMIZE(8,SPEED) BROWSE INCDIR(..\scr\Driver,D:\keil5\C51\INC\STC)
                    - DEBUG OBJECTEXTEND PRINT(.\Listings\main.lst) OBJECT(.\Objects\main.obj)

line level    source

   1          #include "STC8G.h"
   2          #include <naf24l01.h>
   3          
   4          #define uint8 unsigned char
   5          #define uint16 unsigned int
   6          
   7          sbit LED = P3^1;
   8          
   9          #define CLIP_LED_CMD_OFF       0x00
  10          #define CLIP_LED_CMD_ON        0x01
  11          #define CLIP_LED_CMD_PULSE_1S  0x02
  12          #define CLIP_LED_CMD_BLINK     0x03
  13          #define CLIP_LED_CMD_TOGGLE    0x04
  14          
  15          #define LED_TASK_PERIOD_MS       10
  16          #define LED_BLINK_INTERVAL_TICKS 25  /* 250 ms */
  17          #define LED_PULSE_1S_TICKS       100 /* 1000 ms */
  18          
  19          typedef enum
  20          {
  21              LED_MODE_OFF = 0,
  22              LED_MODE_ON,
  23              LED_MODE_PULSE,
  24              LED_MODE_BLINK
  25          } led_mode_t;
  26          
  27          static bit led_state = 0;
  28          static led_mode_t led_mode = LED_MODE_OFF;
  29          static uint16 led_tick = 0;
  30          
  31          void LED_IO_Init(void)
  32          {
  33   1          /* P3.1 LED: push-pull output. */
  34   1          P3M1 &= ~0x02;
  35   1          P3M0 |= 0x02;
  36   1      }
  37          
  38          void LED_Set(bit on)
  39          {
  40   1          LED = on ? 1 : 0;
  41   1          led_state = on;
  42   1      }
  43          
  44          void LED_Toggle(void)
  45          {
  46   1          LED_Set(!led_state);
  47   1      }
  48          
  49          void LED_Blink(uint8 times)
  50          {
  51   1          uint8 i;
  52   1      
  53   1          for(i = 0; i < times; i++)
  54   1          {
C51 COMPILER V9.59.0.0   MAIN                                                              07/01/2026 22:08:34 PAGE 2   

  55   2              LED_Set(1);
  56   2              Delay_ms(120);
  57   2              LED_Set(0);
  58   2              Delay_ms(120);
  59   2          }
  60   1          Delay_ms(200);
  61   1          Delay_ms(200);
  62   1      }
  63          
  64          void LED_Exec_Command(uint8 cmd)
  65          {
  66   1          switch(cmd)
  67   1          {
  68   2          case CLIP_LED_CMD_OFF:
  69   2              led_mode = LED_MODE_OFF;
  70   2              led_tick = 0;
  71   2              LED_Set(0);
  72   2              break;
  73   2      
  74   2          case CLIP_LED_CMD_ON:
  75   2              led_mode = LED_MODE_ON;
  76   2              led_tick = 0;
  77   2              LED_Set(1);
  78   2              break;
  79   2      
  80   2          case CLIP_LED_CMD_PULSE_1S:
  81   2              led_mode = LED_MODE_PULSE;
  82   2              led_tick = LED_PULSE_1S_TICKS;
  83   2              LED_Set(1);
  84   2              break;
  85   2      
  86   2          case CLIP_LED_CMD_BLINK:
  87   2              led_mode = LED_MODE_BLINK;
  88   2              led_tick = 0;
  89   2              LED_Set(1);
  90   2              break;
  91   2      
  92   2          case CLIP_LED_CMD_TOGGLE:
  93   2              led_mode = LED_MODE_ON;
  94   2              led_tick = 0;
  95   2              LED_Toggle();
  96   2              if(!led_state)
  97   2              {
  98   3                  led_mode = LED_MODE_OFF;
  99   3              }
 100   2              break;
 101   2      
 102   2          default:
 103   2              break;
 104   2          }
 105   1      }
 106          
 107          void LED_Task(void)
 108          {
 109   1          switch(led_mode)
 110   1          {
 111   2          case LED_MODE_PULSE:
 112   2              if(led_tick > 0)
 113   2              {
 114   3                  led_tick--;
 115   3              }
 116   2              else
C51 COMPILER V9.59.0.0   MAIN                                                              07/01/2026 22:08:34 PAGE 3   

 117   2              {
 118   3                  led_mode = LED_MODE_OFF;
 119   3                  LED_Set(0);
 120   3              }
 121   2              break;
 122   2      
 123   2          case LED_MODE_BLINK:
 124   2              led_tick++;
 125   2              if(led_tick >= LED_BLINK_INTERVAL_TICKS)
 126   2              {
 127   3                  led_tick = 0;
 128   3                  LED_Toggle();
 129   3              }
 130   2              break;
 131   2      
 132   2          case LED_MODE_ON:
 133   2              if(!led_state)
 134   2              {
 135   3                  LED_Set(1);
 136   3              }
 137   2              break;
 138   2      
 139   2          case LED_MODE_OFF:
 140   2          default:
 141   2              if(led_state)
 142   2              {
 143   3                  LED_Set(0);
 144   3              }
 145   2              break;
 146   2          }
 147   1      }
 148          
 149          void main()
 150          {
 151   1          uint8 buf[1];
 152   1      
 153   1          LED_IO_Init();
 154   1          NRF_IO_Init();
 155   1      
 156   1          LED_Set(0);
 157   1          LED_Blink(2); /* boot OK: MCU is running and LED pin can be controlled */
 158   1      
 159   1          NRF_Init();
 160   1          if(NRF_Check())
 161   1          {
 162   2              LED_Blink(3); /* SPI OK and NRF address is ready */
 163   2          }
 164   1          else
 165   1          {
 166   2              while(1)
 167   2              {
 168   3                  LED_Blink(1); /* SPI fail: check NRF wiring, IO mode and power */
 169   3                  Delay_ms(200);
 170   3                  Delay_ms(200);
 171   3                  Delay_ms(200);
 172   3              }
 173   2          }
 174   1      
 175   1          LED_Exec_Command(CLIP_LED_CMD_OFF);
 176   1      
 177   1          while(1)
 178   1          {
C51 COMPILER V9.59.0.0   MAIN                                                              07/01/2026 22:08:34 PAGE 4   

 179   2              if(NRF_Receive(buf))
 180   2              {
 181   3                  LED_Exec_Command(buf[0]);
 182   3              }
 183   2      
 184   2              LED_Task();
 185   2              Delay_ms(LED_TASK_PERIOD_MS);
 186   2          }
 187   1      }


MODULE INFORMATION:   STATIC OVERLAYABLE
   CODE SIZE        =    322    ----
   CONSTANT SIZE    =   ----    ----
   XDATA SIZE       =   ----    ----
   PDATA SIZE       =   ----    ----
   DATA SIZE        =      3       3
   IDATA SIZE       =   ----    ----
   BIT SIZE         =      1       1
END OF MODULE INFORMATION.


C51 COMPILATION COMPLETE.  0 WARNING(S),  0 ERROR(S)
